#
# There is insufficient memory for the Java Runtime Environment to continue.
# Native memory allocation (malloc) failed to allocate 1317776 bytes. Error detail: Chunk::new
# Possible reasons:
#   The system is out of physical RAM or swap space
#   This process is running with CompressedOops enabled, and the Java Heap may be blocking the growth of the native heap
# Possible solutions:
#   Reduce memory load on the system
#   Increase physical memory or swap space
#   Check if swap backing store is full
#   Decrease Java heap size (-Xmx/-Xms)
#   Decrease number of Java threads
#   Decrease Java thread stack sizes (-Xss)
#   Set larger code cache with -XX:ReservedCodeCacheSize=
#   JVM is running with Unscaled Compressed Oops mode in which the Java heap is
#     placed in the first 4GB address space. The Java Heap base address is the
#     maximum limit for the native heap growth. Please use -XX:HeapBaseMinAddress
#     to set the Java Heap base and to place the Java Heap above 4GB virtual address.
# This output file may be truncated or incomplete.
#
#  Out of Memory Error (arena.cpp:168), pid=10900, tid=10496
#
# JRE version: OpenJDK Runtime Environment Temurin-21.0.7+6 (21.0.7+6) (build 21.0.7+6-LTS)
# Java VM: OpenJDK 64-Bit Server VM Temurin-21.0.7+6 (21.0.7+6-LTS, mixed mode, sharing, tiered, compressed oops, compressed class ptrs, parallel gc, windows-amd64)
# No core dump will be written. Minidumps are not enabled by default on client versions of Windows
#

---------------  S U M M A R Y ------------

Command Line: --add-modules=ALL-SYSTEM --add-opens=java.base/java.util=ALL-UNNAMED --add-opens=java.base/java.lang=ALL-UNNAMED --add-opens=java.base/sun.nio.fs=ALL-UNNAMED -Declipse.application=org.eclipse.jdt.ls.core.id1 -Dosgi.bundles.defaultStartLevel=4 -Declipse.product=org.eclipse.jdt.ls.core.product -Djava.import.generatesMetadataFilesAtProjectRoot=false -DDetectVMInstallationsJob.disabled=true -Dfile.encoding=utf8 -XX:+UseParallelGC -XX:GCTimeRatio=4 -XX:AdaptiveSizePolicyWeight=90 -Dsun.zip.disableMemoryMapping=true -Xmx1G -Xms100m -Xlog:disable -javaagent:c:\Users\FERSAN\.vscode\extensions\redhat.java-1.42.0-win32-x64\lombok\lombok-1.18.36.jar -XX:+HeapDumpOnOutOfMemoryError -XX:HeapDumpPath=c:\Users\FERSAN\AppData\Roaming\Code\User\workspaceStorage\bf712a7f7b76c3f23a32c30aea8486d4\redhat.java -Daether.dependencyCollector.impl=bf c:\Users\FERSAN\.vscode\extensions\redhat.java-1.42.0-win32-x64\server\plugins\org.eclipse.equinox.launcher_1.7.0.v20250424-1814.jar -configuration c:\Users\FERSAN\AppData\Roaming\Code\User\globalStorage\redhat.java\1.42.0\config_win -data c:\Users\FERSAN\AppData\Roaming\Code\User\workspaceStorage\bf712a7f7b76c3f23a32c30aea8486d4\redhat.java\jdt_ws --pipe=\\.\pipe\lsp-756a51bc6f0a85c1e37bc6b5a8456119-sock

Host: 13th Gen Intel(R) Core(TM) i3-1315U, 8 cores, 3G,  Windows 11 , 64 bit Build 22621 (10.0.22621.5262)
Time: Sun Jun 15 01:10:52 2025 Egypt Daylight Time elapsed time: 58.444920 seconds (0d 0h 0m 58s)

---------------  T H R E A D  ---------------

Current thread (0x00000213d21ca8a0):  JavaThread "C2 CompilerThread0" daemon [_thread_in_native, id=10496, stack(0x000000954e800000,0x000000954e900000) (1024K)]


Current CompileTask:
C2:58445 14301       4       org.eclipse.osgi.internal.loader.BundleLoader::addExportedProvidersFor (167 bytes)

Stack: [0x000000954e800000,0x000000954e900000]
Native frames: (J=compiled Java code, j=interpreted, Vv=VM code, C=native code)
V  [jvm.dll+0x6ce119]
V  [jvm.dll+0x8a84a1]
V  [jvm.dll+0x8aa9ce]
V  [jvm.dll+0x8ab0b3]
V  [jvm.dll+0x27f8a6]
V  [jvm.dll+0xc507d]
V  [jvm.dll+0xc55b3]
V  [jvm.dll+0x3b68f2]
V  [jvm.dll+0x1dfe33]
V  [jvm.dll+0x247c42]
V  [jvm.dll+0x2470cf]
V  [jvm.dll+0x1c760e]
V  [jvm.dll+0x25695a]
V  [jvm.dll+0x254efa]
V  [jvm.dll+0x3f03f6]
V  [jvm.dll+0x851f6b]
V  [jvm.dll+0x6cc7dd]
C  [ucrtbase.dll+0x29333]
C  [KERNEL32.DLL+0x1259d]
C  [ntdll.dll+0x5af58]


---------------  P R O C E S S  ---------------

Threads class SMR info:
_java_thread_list=0x00000213d8962e30, length=60, elements={
0x00000213fcd3d3b0, 0x00000213d21bf7d0, 0x00000213d21c1030, 0x00000213d21c2fd0,
0x00000213d21c3ee0, 0x00000213d21c5e00, 0x00000213d21c7a60, 0x00000213d21ca8a0,
0x00000213d21fa8e0, 0x00000213d3c498e0, 0x00000213d3ee2420, 0x00000213d8343190,
0x00000213d84e01d0, 0x00000213d89df210, 0x00000213d8990090, 0x00000213d8f11620,
0x00000213d80da590, 0x00000213d3bfd2f0, 0x00000213d3bfcc60, 0x00000213d3bfc5d0,
0x00000213d3bfbf40, 0x00000213d3bfd980, 0x00000213d3bfe010, 0x00000213d3bfe6a0,
0x00000213d3bfed30, 0x00000213da29dae0, 0x00000213da29fbb0, 0x00000213da29e800,
0x00000213da29ee90, 0x00000213da29f520, 0x00000213da2a3030, 0x00000213da29cdc0,
0x00000213da2a0240, 0x00000213da29e170, 0x00000213da2a08d0, 0x00000213da2a0f60,
0x00000213da2a1c80, 0x00000213da2a15f0, 0x00000213da2a29a0, 0x00000213da29c0a0,
0x00000213da2a36c0, 0x00000213da29c730, 0x00000213db8cca40, 0x00000213db8cb000,
0x00000213db8c74f0, 0x00000213db8ca2e0, 0x00000213db8c6e60, 0x00000213db8cd0d0,
0x00000213db8cd760, 0x00000213db8cb690, 0x00000213db8cc3b0, 0x00000213db8c9c50,
0x00000213db8ca970, 0x00000213db8cddf0, 0x00000213db8c7b80, 0x00000213db8c8210,
0x00000213db8c88a0, 0x00000213db8cbd20, 0x00000213db8c8f30, 0x00000213da1f1590
}

Java Threads: ( => current thread )
  0x00000213fcd3d3b0 JavaThread "main"                              [_thread_blocked, id=15752, stack(0x000000954de00000,0x000000954df00000) (1024K)]
  0x00000213d21bf7d0 JavaThread "Reference Handler"          daemon [_thread_blocked, id=11812, stack(0x000000954e200000,0x000000954e300000) (1024K)]
  0x00000213d21c1030 JavaThread "Finalizer"                  daemon [_thread_blocked, id=24540, stack(0x000000954e300000,0x000000954e400000) (1024K)]
  0x00000213d21c2fd0 JavaThread "Signal Dispatcher"          daemon [_thread_blocked, id=13040, stack(0x000000954e400000,0x000000954e500000) (1024K)]
  0x00000213d21c3ee0 JavaThread "Attach Listener"            daemon [_thread_blocked, id=21452, stack(0x000000954e500000,0x000000954e600000) (1024K)]
  0x00000213d21c5e00 JavaThread "Service Thread"             daemon [_thread_blocked, id=21780, stack(0x000000954e600000,0x000000954e700000) (1024K)]
  0x00000213d21c7a60 JavaThread "Monitor Deflation Thread"   daemon [_thread_blocked, id=24208, stack(0x000000954e700000,0x000000954e800000) (1024K)]
=>0x00000213d21ca8a0 JavaThread "C2 CompilerThread0"         daemon [_thread_in_native, id=10496, stack(0x000000954e800000,0x000000954e900000) (1024K)]
  0x00000213d21fa8e0 JavaThread "C1 CompilerThread0"         daemon [_thread_blocked, id=3500, stack(0x000000954e900000,0x000000954ea00000) (1024K)]
  0x00000213d3c498e0 JavaThread "Common-Cleaner"             daemon [_thread_blocked, id=11620, stack(0x000000954ea00000,0x000000954eb00000) (1024K)]
  0x00000213d3ee2420 JavaThread "Notification Thread"        daemon [_thread_blocked, id=14684, stack(0x000000954eb00000,0x000000954ec00000) (1024K)]
  0x00000213d8343190 JavaThread "Active Thread: Equinox Container: 6757c6c3-c03d-4b0b-8d87-2137bf242195"        [_thread_blocked, id=18268, stack(0x000000954f200000,0x000000954f300000) (1024K)]
  0x00000213d84e01d0 JavaThread "Refresh Thread: Equinox Container: 6757c6c3-c03d-4b0b-8d87-2137bf242195" daemon [_thread_blocked, id=22696, stack(0x000000954f300000,0x000000954f400000) (1024K)]
  0x00000213d89df210 JavaThread "Framework Event Dispatcher: Equinox Container: 6757c6c3-c03d-4b0b-8d87-2137bf242195" daemon [_thread_blocked, id=22900, stack(0x000000954f500000,0x000000954f600000) (1024K)]
  0x00000213d8990090 JavaThread "Start Level: Equinox Container: 6757c6c3-c03d-4b0b-8d87-2137bf242195" daemon [_thread_blocked, id=9616, stack(0x000000954f600000,0x000000954f700000) (1024K)]
  0x00000213d8f11620 JavaThread "Bundle File Closer"         daemon [_thread_blocked, id=21148, stack(0x000000954f700000,0x000000954f800000) (1024K)]
  0x00000213d80da590 JavaThread "SCR Component Actor"        daemon [_thread_blocked, id=7384, stack(0x000000954f800000,0x000000954f900000) (1024K)]
  0x00000213d3bfd2f0 JavaThread "Worker-JM"                         [_thread_blocked, id=9784, stack(0x000000954fa00000,0x000000954fb00000) (1024K)]
  0x00000213d3bfcc60 JavaThread "JNA Cleaner"                daemon [_thread_blocked, id=23832, stack(0x000000954fb00000,0x000000954fc00000) (1024K)]
  0x00000213d3bfc5d0 JavaThread "Worker-0"                          [_thread_blocked, id=13260, stack(0x000000954fc00000,0x000000954fd00000) (1024K)]
  0x00000213d3bfbf40 JavaThread "Worker-1: Java indexing... "        [_thread_blocked, id=19776, stack(0x000000954fd00000,0x000000954fe00000) (1024K)]
  0x00000213d3bfd980 JavaThread "Java indexing"              daemon [_thread_in_Java, id=18204, stack(0x000000954fe00000,0x000000954ff00000) (1024K)]
  0x00000213d3bfe010 JavaThread "Worker-2"                          [_thread_blocked, id=16264, stack(0x000000954ff00000,0x0000009550000000) (1024K)]
  0x00000213d3bfe6a0 JavaThread "Worker-3: Initialize workspace"        [_thread_in_Java, id=17688, stack(0x0000009550200000,0x0000009550300000) (1024K)]
  0x00000213d3bfed30 JavaThread "Worker-4"                          [_thread_blocked, id=2696, stack(0x0000009550300000,0x0000009550400000) (1024K)]
  0x00000213da29dae0 JavaThread "Thread-2"                   daemon [_thread_in_native, id=10928, stack(0x0000009550400000,0x0000009550500000) (1024K)]
  0x00000213da29fbb0 JavaThread "Thread-3"                   daemon [_thread_in_native, id=5688, stack(0x0000009550500000,0x0000009550600000) (1024K)]
  0x00000213da29e800 JavaThread "Thread-4"                   daemon [_thread_in_native, id=19616, stack(0x0000009550600000,0x0000009550700000) (1024K)]
  0x00000213da29ee90 JavaThread "Thread-5"                   daemon [_thread_in_native, id=23800, stack(0x0000009550700000,0x0000009550800000) (1024K)]
  0x00000213da29f520 JavaThread "Thread-6"                   daemon [_thread_in_native, id=22428, stack(0x0000009550800000,0x0000009550900000) (1024K)]
  0x00000213da2a3030 JavaThread "Thread-7"                   daemon [_thread_in_native, id=17288, stack(0x0000009550900000,0x0000009550a00000) (1024K)]
  0x00000213da29cdc0 JavaThread "Thread-8"                   daemon [_thread_in_native, id=5580, stack(0x0000009550a00000,0x0000009550b00000) (1024K)]
  0x00000213da2a0240 JavaThread "Thread-9"                   daemon [_thread_in_native, id=21200, stack(0x0000009550b00000,0x0000009550c00000) (1024K)]
  0x00000213da29e170 JavaThread "Thread-10"                  daemon [_thread_in_native, id=23440, stack(0x0000009550c00000,0x0000009550d00000) (1024K)]
  0x00000213da2a08d0 JavaThread "pool-2-thread-1"                   [_thread_blocked, id=9720, stack(0x0000009550d00000,0x0000009550e00000) (1024K)]
  0x00000213da2a0f60 JavaThread "WorkspaceEventsHandler"            [_thread_blocked, id=23704, stack(0x0000009550e00000,0x0000009550f00000) (1024K)]
  0x00000213da2a1c80 JavaThread "pool-1-thread-1"                   [_thread_blocked, id=1672, stack(0x0000009550f00000,0x0000009551000000) (1024K)]
  0x00000213da2a15f0 JavaThread "Worker-5"                          [_thread_blocked, id=9984, stack(0x0000009551000000,0x0000009551100000) (1024K)]
  0x00000213da2a29a0 JavaThread "LocalFile Deleter"          daemon [_thread_blocked, id=15744, stack(0x000000954f900000,0x000000954fa00000) (1024K)]
  0x00000213da29c0a0 JavaThread "LocalFile Deleter"          daemon [_thread_blocked, id=10584, stack(0x0000009551100000,0x0000009551200000) (1024K)]
  0x00000213da2a36c0 JavaThread "LocalFile Deleter"          daemon [_thread_blocked, id=3920, stack(0x0000009551200000,0x0000009551300000) (1024K)]
  0x00000213da29c730 JavaThread "LocalFile Deleter"          daemon [_thread_blocked, id=24092, stack(0x0000009551300000,0x0000009551400000) (1024K)]
  0x00000213db8cca40 JavaThread "LocalFile Deleter"          daemon [_thread_blocked, id=23708, stack(0x0000009551400000,0x0000009551500000) (1024K)]
  0x00000213db8cb000 JavaThread "LocalFile Deleter"          daemon [_thread_blocked, id=19532, stack(0x0000009551500000,0x0000009551600000) (1024K)]
  0x00000213db8c74f0 JavaThread "LocalFile Deleter"          daemon [_thread_blocked, id=18604, stack(0x0000009551600000,0x0000009551700000) (1024K)]
  0x00000213db8ca2e0 JavaThread "LocalFile Deleter"          daemon [_thread_blocked, id=3912, stack(0x0000009551700000,0x0000009551800000) (1024K)]
  0x00000213db8c6e60 JavaThread "Compiler Source File Reader" daemon [_thread_blocked, id=18312, stack(0x0000009551800000,0x0000009551900000) (1024K)]
  0x00000213db8cd0d0 JavaThread "Compiler Source File Reader" daemon [_thread_blocked, id=22712, stack(0x0000009551900000,0x0000009551a00000) (1024K)]
  0x00000213db8cd760 JavaThread "Compiler Source File Reader" daemon [_thread_blocked, id=7516, stack(0x0000009551a00000,0x0000009551b00000) (1024K)]
  0x00000213db8cb690 JavaThread "Compiler Source File Reader" daemon [_thread_blocked, id=16112, stack(0x0000009551b00000,0x0000009551c00000) (1024K)]
  0x00000213db8cc3b0 JavaThread "Compiler Source File Reader" daemon [_thread_blocked, id=23932, stack(0x0000009551c00000,0x0000009551d00000) (1024K)]
  0x00000213db8c9c50 JavaThread "Compiler Source File Reader" daemon [_thread_blocked, id=20112, stack(0x0000009551d00000,0x0000009551e00000) (1024K)]
  0x00000213db8ca970 JavaThread "Compiler Processing Task"   daemon [_thread_blocked, id=10424, stack(0x0000009551e00000,0x0000009551f00000) (1024K)]
  0x00000213db8cddf0 JavaThread "Compiler Class File Writer" daemon [_thread_blocked, id=12384, stack(0x0000009551f00000,0x0000009552000000) (1024K)]
  0x00000213db8c7b80 JavaThread "Compiler Class File Writer" daemon [_thread_blocked, id=24696, stack(0x0000009552000000,0x0000009552100000) (1024K)]
  0x00000213db8c8210 JavaThread "Compiler Class File Writer" daemon [_thread_blocked, id=15452, stack(0x0000009552100000,0x0000009552200000) (1024K)]
  0x00000213db8c88a0 JavaThread "Compiler Class File Writer" daemon [_thread_blocked, id=22836, stack(0x0000009552200000,0x0000009552300000) (1024K)]
  0x00000213db8cbd20 JavaThread "Compiler Class File Writer" daemon [_thread_blocked, id=12640, stack(0x0000009552300000,0x0000009552400000) (1024K)]
  0x00000213db8c8f30 JavaThread "Compiler Class File Writer" daemon [_thread_blocked, id=16084, stack(0x0000009552400000,0x0000009552500000) (1024K)]
  0x00000213da1f1590 JavaThread "SCR Component Registry"     daemon [_thread_blocked, id=24724, stack(0x0000009552500000,0x0000009552600000) (1024K)]
Total: 60

Other Threads:
  0x00000213d21a2bc0 VMThread "VM Thread"                           [id=18392, stack(0x000000954e100000,0x000000954e200000) (1024K)]
  0x00000213d20dca00 WatcherThread "VM Periodic Task Thread"        [id=20928, stack(0x000000954e000000,0x000000954e100000) (1024K)]
  0x00000213fcd5c6a0 WorkerThread "GC Thread#0"                     [id=24012, stack(0x000000954df00000,0x000000954e000000) (1024K)]
  0x00000213d8041100 WorkerThread "GC Thread#1"                     [id=8424, stack(0x000000954ec00000,0x000000954ed00000) (1024K)]
  0x00000213d83db810 WorkerThread "GC Thread#2"                     [id=21652, stack(0x000000954ed00000,0x000000954ee00000) (1024K)]
  0x00000213d80414a0 WorkerThread "GC Thread#3"                     [id=20772, stack(0x000000954ee00000,0x000000954ef00000) (1024K)]
  0x00000213d8041840 WorkerThread "GC Thread#4"                     [id=10656, stack(0x000000954ef00000,0x000000954f000000) (1024K)]
  0x00000213d8016f00 WorkerThread "GC Thread#5"                     [id=18872, stack(0x000000954f000000,0x000000954f100000) (1024K)]
  0x00000213d80172a0 WorkerThread "GC Thread#6"                     [id=7032, stack(0x000000954f100000,0x000000954f200000) (1024K)]
  0x00000213d89cd360 WorkerThread "GC Thread#7"                     [id=13564, stack(0x000000954f400000,0x000000954f500000) (1024K)]
Total: 10

Threads with active compile tasks:
C2 CompilerThread0  58543 14301       4       org.eclipse.osgi.internal.loader.BundleLoader::addExportedProvidersFor (167 bytes)
C1 CompilerThread0  58544 14399       2       org.eclipse.sisu.inject.InjectorBindings::publishExactMatches (79 bytes)
Total: 2

VM state: not at safepoint (normal execution)

VM Mutex/Monitor currently owned by a thread: None

Heap address: 0x00000000c0000000, size: 1024 MB, Compressed Oops mode: 32-bit

CDS archive(s) mapped at: [0x0000021391000000-0x0000021391ba0000-0x0000021391ba0000), size 12189696, SharedBaseAddress: 0x0000021391000000, ArchiveRelocationMode: 1.
Compressed class space mapped at: 0x0000021392000000-0x00000213d2000000, reserved size: 1073741824
Narrow klass base: 0x0000021391000000, Narrow klass shift: 0, Narrow klass range: 0x100000000

GC Precious Log:
 CardTable entry size: 512
 CPUs: 8 total, 8 available
 Memory: 3739M
 Large Page Support: Disabled
 NUMA Support: Disabled
 Compressed Oops: Enabled (32-bit)
 Alignments: Space 512K, Generation 512K, Heap 2M
 Heap Min Capacity: 100M
 Heap Initial Capacity: 100M
 Heap Max Capacity: 1G
 Pre-touch: Disabled
 Parallel Workers: 8

Heap:
 PSYoungGen      total 2048K, used 1066K [0x00000000eab00000, 0x00000000eae00000, 0x0000000100000000)
  eden space 1536K, 40% used [0x00000000eab00000,0x00000000eab9ab80,0x00000000eac80000)
  from space 512K, 87% used [0x00000000ead80000,0x00000000eadf0000,0x00000000eae00000)
  to   space 512K, 0% used [0x00000000ead00000,0x00000000ead00000,0x00000000ead80000)
 ParOldGen       total 329728K, used 329507K [0x00000000c0000000, 0x00000000d4200000, 0x00000000eab00000)
  object space 329728K, 99% used [0x00000000c0000000,0x00000000d41c8f20,0x00000000d4200000)
 Metaspace       used 66602K, committed 68160K, reserved 1114112K
  class space    used 6683K, committed 7360K, reserved 1048576K

Card table byte_map: [0x00000213fc6e0000,0x00000213fc8f0000] _byte_map_base: 0x00000213fc0e0000

Marking Bits: (ParMarkBitMap*) 0x00007ffdf61f31f0
 Begin Bits: [0x000002138f000000, 0x0000021390000000)
 End Bits:   [0x0000021390000000, 0x0000021391000000)

Polling page: 0x00000213fabd0000

Metaspace:

Usage:
  Non-class:     58.51 MB used.
      Class:      6.53 MB used.
       Both:     65.04 MB used.

Virtual space:
  Non-class space:       64.00 MB reserved,      59.38 MB ( 93%) committed,  1 nodes.
      Class space:        1.00 GB reserved,       7.19 MB ( <1%) committed,  1 nodes.
             Both:        1.06 GB reserved,      66.56 MB (  6%) committed. 

Chunk freelists:
   Non-Class:  4.31 MB
       Class:  8.83 MB
        Both:  13.14 MB

MaxMetaspaceSize: unlimited
CompressedClassSpaceSize: 1.00 GB
Initial GC threshold: 21.00 MB
Current GC threshold: 97.31 MB
CDS: on
 - commit_granule_bytes: 65536.
 - commit_granule_words: 8192.
 - virtual_space_node_default_size: 8388608.
 - enlarge_chunks_in_place: 1.
 - use_allocation_guard: 0.


Internal statistics:

num_allocs_failed_limit: 9.
num_arena_births: 1306.
num_arena_deaths: 14.
num_vsnodes_births: 2.
num_vsnodes_deaths: 0.
num_space_committed: 1065.
num_space_uncommitted: 0.
num_chunks_returned_to_freelist: 23.
num_chunks_taken_from_freelist: 4446.
num_chunk_merges: 15.
num_chunk_splits: 2753.
num_chunks_enlarged: 1569.
num_inconsistent_stats: 0.

CodeHeap 'non-profiled nmethods': size=120000Kb used=7976Kb max_used=7976Kb free=112023Kb
 bounds [0x0000021387ad0000, 0x00000213882a0000, 0x000002138f000000]
CodeHeap 'profiled nmethods': size=120000Kb used=30803Kb max_used=30803Kb free=89196Kb
 bounds [0x0000021380000000, 0x0000021381e20000, 0x0000021387530000]
CodeHeap 'non-nmethods': size=5760Kb used=1442Kb max_used=1517Kb free=4317Kb
 bounds [0x0000021387530000, 0x00000213877a0000, 0x0000021387ad0000]
 total_blobs=14353 nmethods=13597 adapters=660
 compilation: enabled
              stopped_count=0, restarted_count=0
 full_count=0

Compilation events (20 events):
Event: 57.955 Thread 0x00000213d21fa8e0 14371       1       org.eclipse.lsp4j.jsonrpc.messages.Message::setJsonHandler (6 bytes)
Event: 57.956 Thread 0x00000213d21fa8e0 nmethod 14371 0x0000021388298790 code [0x0000021388298920, 0x0000021388298a00]
Event: 58.225 Thread 0x00000213d21fa8e0 14375       2       com.google.gson.stream.JsonWriter::openScope (19 bytes)
Event: 58.226 Thread 0x00000213d21fa8e0 nmethod 14375 0x0000021381e10610 code [0x0000021381e107e0, 0x0000021381e10988]
Event: 58.226 Thread 0x00000213d21fa8e0 14376       2       com.google.gson.stream.JsonWriter::closeScope (95 bytes)
Event: 58.226 Thread 0x00000213d21fa8e0 nmethod 14376 0x0000021381e10a90 code [0x0000021381e10ce0, 0x0000021381e112d0]
Event: 58.227 Thread 0x00000213d21fa8e0 14377       2       java.util.concurrent.atomic.AtomicLong::compareAndSet (13 bytes)
Event: 58.227 Thread 0x00000213d21fa8e0 nmethod 14377 0x0000021381e11690 code [0x0000021381e11820, 0x0000021381e11940]
Event: 58.244 Thread 0x00000213d21fa8e0 14380       2       java.lang.invoke.MethodTypeForm::hasPrimitives (13 bytes)
Event: 58.245 Thread 0x00000213d21fa8e0 nmethod 14380 0x0000021381e11a10 code [0x0000021381e11ba0, 0x0000021381e11cb8]
Event: 58.245 Thread 0x00000213d21fa8e0 14381       2       java.lang.invoke.MethodHandle::viewAsType (33 bytes)
Event: 58.245 Thread 0x00000213d21fa8e0 nmethod 14381 0x0000021381e11d90 code [0x0000021381e11f40, 0x0000021381e12078]
Event: 58.277 Thread 0x00000213d21fa8e0 14386       1       sun.util.calendar.CalendarDate::setLeapYear (6 bytes)
Event: 58.277 Thread 0x00000213d21fa8e0 nmethod 14386 0x0000021388299c90 code [0x0000021388299e20, 0x0000021388299ef0]
Event: 58.277 Thread 0x00000213d21fa8e0 14387       2       java.util.GregorianCalendar::getWeekNumber (89 bytes)
Event: 58.278 Thread 0x00000213d21fa8e0 nmethod 14387 0x0000021381e12110 code [0x0000021381e122c0, 0x0000021381e124f8]
Event: 58.278 Thread 0x00000213d21fa8e0 14388       2       sun.util.calendar.AbstractCalendar::getDayOfWeekDateOnOrBefore (31 bytes)
Event: 58.278 Thread 0x00000213d21fa8e0 nmethod 14388 0x0000021381e12690 code [0x0000021381e12840, 0x0000021381e129e0]
Event: 58.305 Thread 0x00000213d21fa8e0 14390       2       sun.nio.fs.WindowsPath::resolve (6 bytes)
Event: 58.305 Thread 0x00000213d21fa8e0 nmethod 14390 0x0000021381e12a90 code [0x0000021381e12c40, 0x0000021381e12d68]

GC Heap History (20 events):
Event: 57.176 GC heap before
{Heap before GC invocations=721 (full 3):
 PSYoungGen      total 2560K, used 1888K [0x00000000eab00000, 0x00000000eae00000, 0x0000000100000000)
  eden space 1536K, 100% used [0x00000000eab00000,0x00000000eac80000,0x00000000eac80000)
  from space 1024K, 34% used [0x00000000eac80000,0x00000000eacd8010,0x00000000ead80000)
  to   space 512K, 0% used [0x00000000ead80000,0x00000000ead80000,0x00000000eae00000)
 ParOldGen       total 327168K, used 326870K [0x00000000c0000000, 0x00000000d3f80000, 0x00000000eab00000)
  object space 327168K, 99% used [0x00000000c0000000,0x00000000d3f359c0,0x00000000d3f80000)
 Metaspace       used 65722K, committed 67264K, reserved 1114112K
  class space    used 6588K, committed 7232K, reserved 1048576K
}
Event: 57.178 GC heap after
{Heap after GC invocations=721 (full 3):
 PSYoungGen      total 2048K, used 320K [0x00000000eab00000, 0x00000000eae00000, 0x0000000100000000)
  eden space 1536K, 0% used [0x00000000eab00000,0x00000000eab00000,0x00000000eac80000)
  from space 512K, 62% used [0x00000000ead80000,0x00000000eadd0000,0x00000000eae00000)
  to   space 512K, 0% used [0x00000000ead00000,0x00000000ead00000,0x00000000ead80000)
 ParOldGen       total 327168K, used 327061K [0x00000000c0000000, 0x00000000d3f80000, 0x00000000eab00000)
  object space 327168K, 99% used [0x00000000c0000000,0x00000000d3f65598,0x00000000d3f80000)
 Metaspace       used 65722K, committed 67264K, reserved 1114112K
  class space    used 6588K, committed 7232K, reserved 1048576K
}
Event: 57.394 GC heap before
{Heap before GC invocations=722 (full 3):
 PSYoungGen      total 2048K, used 1856K [0x00000000eab00000, 0x00000000eae00000, 0x0000000100000000)
  eden space 1536K, 100% used [0x00000000eab00000,0x00000000eac80000,0x00000000eac80000)
  from space 512K, 62% used [0x00000000ead80000,0x00000000eadd0000,0x00000000eae00000)
  to   space 512K, 0% used [0x00000000ead00000,0x00000000ead00000,0x00000000ead80000)
 ParOldGen       total 327168K, used 327061K [0x00000000c0000000, 0x00000000d3f80000, 0x00000000eab00000)
  object space 327168K, 99% used [0x00000000c0000000,0x00000000d3f65598,0x00000000d3f80000)
 Metaspace       used 65839K, committed 67456K, reserved 1114112K
  class space    used 6598K, committed 7296K, reserved 1048576K
}
Event: 57.396 GC heap after
{Heap after GC invocations=722 (full 3):
 PSYoungGen      total 2048K, used 352K [0x00000000eab00000, 0x00000000eae00000, 0x0000000100000000)
  eden space 1536K, 0% used [0x00000000eab00000,0x00000000eab00000,0x00000000eac80000)
  from space 512K, 68% used [0x00000000ead00000,0x00000000ead58000,0x00000000ead80000)
  to   space 512K, 0% used [0x00000000ead80000,0x00000000ead80000,0x00000000eae00000)
 ParOldGen       total 327680K, used 327249K [0x00000000c0000000, 0x00000000d4000000, 0x00000000eab00000)
  object space 327680K, 99% used [0x00000000c0000000,0x00000000d3f94718,0x00000000d4000000)
 Metaspace       used 65839K, committed 67456K, reserved 1114112K
  class space    used 6598K, committed 7296K, reserved 1048576K
}
Event: 57.488 GC heap before
{Heap before GC invocations=723 (full 3):
 PSYoungGen      total 2048K, used 1850K [0x00000000eab00000, 0x00000000eae00000, 0x0000000100000000)
  eden space 1536K, 97% used [0x00000000eab00000,0x00000000eac76a58,0x00000000eac80000)
  from space 512K, 68% used [0x00000000ead00000,0x00000000ead58000,0x00000000ead80000)
  to   space 512K, 0% used [0x00000000ead80000,0x00000000ead80000,0x00000000eae00000)
 ParOldGen       total 327680K, used 327249K [0x00000000c0000000, 0x00000000d4000000, 0x00000000eab00000)
  object space 327680K, 99% used [0x00000000c0000000,0x00000000d3f94718,0x00000000d4000000)
 Metaspace       used 65936K, committed 67520K, reserved 1114112K
  class space    used 6608K, committed 7296K, reserved 1048576K
}
Event: 57.491 GC heap after
{Heap after GC invocations=723 (full 3):
 PSYoungGen      total 2048K, used 507K [0x00000000eab00000, 0x00000000eae80000, 0x0000000100000000)
  eden space 1536K, 0% used [0x00000000eab00000,0x00000000eab00000,0x00000000eac80000)
  from space 512K, 99% used [0x00000000ead80000,0x00000000eadfef58,0x00000000eae00000)
  to   space 1024K, 0% used [0x00000000eac80000,0x00000000eac80000,0x00000000ead80000)
 ParOldGen       total 327680K, used 327499K [0x00000000c0000000, 0x00000000d4000000, 0x00000000eab00000)
  object space 327680K, 99% used [0x00000000c0000000,0x00000000d3fd2f60,0x00000000d4000000)
 Metaspace       used 65936K, committed 67520K, reserved 1114112K
  class space    used 6608K, committed 7296K, reserved 1048576K
}
Event: 57.586 GC heap before
{Heap before GC invocations=724 (full 3):
 PSYoungGen      total 2048K, used 2043K [0x00000000eab00000, 0x00000000eae80000, 0x0000000100000000)
  eden space 1536K, 100% used [0x00000000eab00000,0x00000000eac80000,0x00000000eac80000)
  from space 512K, 99% used [0x00000000ead80000,0x00000000eadfef58,0x00000000eae00000)
  to   space 1024K, 0% used [0x00000000eac80000,0x00000000eac80000,0x00000000ead80000)
 ParOldGen       total 327680K, used 327499K [0x00000000c0000000, 0x00000000d4000000, 0x00000000eab00000)
  object space 327680K, 99% used [0x00000000c0000000,0x00000000d3fd2f60,0x00000000d4000000)
 Metaspace       used 66060K, committed 67648K, reserved 1114112K
  class space    used 6627K, committed 7296K, reserved 1048576K
}
Event: 57.589 GC heap after
{Heap after GC invocations=724 (full 3):
 PSYoungGen      total 2560K, used 571K [0x00000000eab00000, 0x00000000eae80000, 0x0000000100000000)
  eden space 1536K, 0% used [0x00000000eab00000,0x00000000eab00000,0x00000000eac80000)
  from space 1024K, 55% used [0x00000000eac80000,0x00000000ead0ef58,0x00000000ead80000)
  to   space 1024K, 0% used [0x00000000ead80000,0x00000000ead80000,0x00000000eae80000)
 ParOldGen       total 328192K, used 327721K [0x00000000c0000000, 0x00000000d4080000, 0x00000000eab00000)
  object space 328192K, 99% used [0x00000000c0000000,0x00000000d400a470,0x00000000d4080000)
 Metaspace       used 66060K, committed 67648K, reserved 1114112K
  class space    used 6627K, committed 7296K, reserved 1048576K
}
Event: 57.678 GC heap before
{Heap before GC invocations=725 (full 3):
 PSYoungGen      total 2560K, used 2099K [0x00000000eab00000, 0x00000000eae80000, 0x0000000100000000)
  eden space 1536K, 99% used [0x00000000eab00000,0x00000000eac7dca8,0x00000000eac80000)
  from space 1024K, 55% used [0x00000000eac80000,0x00000000ead0ef58,0x00000000ead80000)
  to   space 1024K, 0% used [0x00000000ead80000,0x00000000ead80000,0x00000000eae80000)
 ParOldGen       total 328192K, used 327721K [0x00000000c0000000, 0x00000000d4080000, 0x00000000eab00000)
  object space 328192K, 99% used [0x00000000c0000000,0x00000000d400a470,0x00000000d4080000)
 Metaspace       used 66119K, committed 67712K, reserved 1114112K
  class space    used 6636K, committed 7296K, reserved 1048576K
}
Event: 57.680 GC heap after
{Heap after GC invocations=725 (full 3):
 PSYoungGen      total 2048K, used 384K [0x00000000eab00000, 0x00000000eae00000, 0x0000000100000000)
  eden space 1536K, 0% used [0x00000000eab00000,0x00000000eab00000,0x00000000eac80000)
  from space 512K, 75% used [0x00000000ead80000,0x00000000eade0000,0x00000000eae00000)
  to   space 512K, 0% used [0x00000000ead00000,0x00000000ead00000,0x00000000ead80000)
 ParOldGen       total 328192K, used 328028K [0x00000000c0000000, 0x00000000d4080000, 0x00000000eab00000)
  object space 328192K, 99% used [0x00000000c0000000,0x00000000d40573c8,0x00000000d4080000)
 Metaspace       used 66119K, committed 67712K, reserved 1114112K
  class space    used 6636K, committed 7296K, reserved 1048576K
}
Event: 57.742 GC heap before
{Heap before GC invocations=726 (full 3):
 PSYoungGen      total 2048K, used 1920K [0x00000000eab00000, 0x00000000eae00000, 0x0000000100000000)
  eden space 1536K, 100% used [0x00000000eab00000,0x00000000eac80000,0x00000000eac80000)
  from space 512K, 75% used [0x00000000ead80000,0x00000000eade0000,0x00000000eae00000)
  to   space 512K, 0% used [0x00000000ead00000,0x00000000ead00000,0x00000000ead80000)
 ParOldGen       total 328192K, used 328028K [0x00000000c0000000, 0x00000000d4080000, 0x00000000eab00000)
  object space 328192K, 99% used [0x00000000c0000000,0x00000000d40573c8,0x00000000d4080000)
 Metaspace       used 66126K, committed 67712K, reserved 1114112K
  class space    used 6636K, committed 7296K, reserved 1048576K
}
Event: 57.745 GC heap after
{Heap after GC invocations=726 (full 3):
 PSYoungGen      total 2048K, used 404K [0x00000000eab00000, 0x00000000eae00000, 0x0000000100000000)
  eden space 1536K, 0% used [0x00000000eab00000,0x00000000eab00000,0x00000000eac80000)
  from space 512K, 78% used [0x00000000ead00000,0x00000000ead65110,0x00000000ead80000)
  to   space 512K, 0% used [0x00000000ead80000,0x00000000ead80000,0x00000000eae00000)
 ParOldGen       total 328704K, used 328280K [0x00000000c0000000, 0x00000000d4100000, 0x00000000eab00000)
  object space 328704K, 99% used [0x00000000c0000000,0x00000000d4096060,0x00000000d4100000)
 Metaspace       used 66126K, committed 67712K, reserved 1114112K
  class space    used 6636K, committed 7296K, reserved 1048576K
}
Event: 57.882 GC heap before
{Heap before GC invocations=727 (full 3):
 PSYoungGen      total 2048K, used 1940K [0x00000000eab00000, 0x00000000eae00000, 0x0000000100000000)
  eden space 1536K, 99% used [0x00000000eab00000,0x00000000eac7fff0,0x00000000eac80000)
  from space 512K, 78% used [0x00000000ead00000,0x00000000ead65110,0x00000000ead80000)
  to   space 512K, 0% used [0x00000000ead80000,0x00000000ead80000,0x00000000eae00000)
 ParOldGen       total 328704K, used 328280K [0x00000000c0000000, 0x00000000d4100000, 0x00000000eab00000)
  object space 328704K, 99% used [0x00000000c0000000,0x00000000d4096060,0x00000000d4100000)
 Metaspace       used 66155K, committed 67712K, reserved 1114112K
  class space    used 6637K, committed 7296K, reserved 1048576K
}
Event: 57.891 GC heap after
{Heap after GC invocations=727 (full 3):
 PSYoungGen      total 2048K, used 494K [0x00000000eab00000, 0x00000000eae00000, 0x0000000100000000)
  eden space 1536K, 0% used [0x00000000eab00000,0x00000000eab00000,0x00000000eac80000)
  from space 512K, 96% used [0x00000000ead80000,0x00000000eadfb950,0x00000000eae00000)
  to   space 512K, 0% used [0x00000000ead00000,0x00000000ead00000,0x00000000ead80000)
 ParOldGen       total 328704K, used 328527K [0x00000000c0000000, 0x00000000d4100000, 0x00000000eab00000)
  object space 328704K, 99% used [0x00000000c0000000,0x00000000d40d3c90,0x00000000d4100000)
 Metaspace       used 66155K, committed 67712K, reserved 1114112K
  class space    used 6637K, committed 7296K, reserved 1048576K
}
Event: 57.961 GC heap before
{Heap before GC invocations=728 (full 3):
 PSYoungGen      total 2048K, used 2021K [0x00000000eab00000, 0x00000000eae00000, 0x0000000100000000)
  eden space 1536K, 99% used [0x00000000eab00000,0x00000000eac7dcf8,0x00000000eac80000)
  from space 512K, 96% used [0x00000000ead80000,0x00000000eadfb950,0x00000000eae00000)
  to   space 512K, 0% used [0x00000000ead00000,0x00000000ead00000,0x00000000ead80000)
 ParOldGen       total 328704K, used 328527K [0x00000000c0000000, 0x00000000d4100000, 0x00000000eab00000)
  object space 328704K, 99% used [0x00000000c0000000,0x00000000d40d3c90,0x00000000d4100000)
 Metaspace       used 66164K, committed 67712K, reserved 1114112K
  class space    used 6638K, committed 7296K, reserved 1048576K
}
Event: 57.963 GC heap after
{Heap after GC invocations=728 (full 3):
 PSYoungGen      total 2048K, used 416K [0x00000000eab00000, 0x00000000eae00000, 0x0000000100000000)
  eden space 1536K, 0% used [0x00000000eab00000,0x00000000eab00000,0x00000000eac80000)
  from space 512K, 81% used [0x00000000ead00000,0x00000000ead68000,0x00000000ead80000)
  to   space 512K, 0% used [0x00000000ead80000,0x00000000ead80000,0x00000000eae00000)
 ParOldGen       total 329216K, used 328865K [0x00000000c0000000, 0x00000000d4180000, 0x00000000eab00000)
  object space 329216K, 99% used [0x00000000c0000000,0x00000000d4128458,0x00000000d4180000)
 Metaspace       used 66164K, committed 67712K, reserved 1114112K
  class space    used 6638K, committed 7296K, reserved 1048576K
}
Event: 58.178 GC heap before
{Heap before GC invocations=729 (full 3):
 PSYoungGen      total 2048K, used 1952K [0x00000000eab00000, 0x00000000eae00000, 0x0000000100000000)
  eden space 1536K, 100% used [0x00000000eab00000,0x00000000eac80000,0x00000000eac80000)
  from space 512K, 81% used [0x00000000ead00000,0x00000000ead68000,0x00000000ead80000)
  to   space 512K, 0% used [0x00000000ead80000,0x00000000ead80000,0x00000000eae00000)
 ParOldGen       total 329216K, used 328865K [0x00000000c0000000, 0x00000000d4180000, 0x00000000eab00000)
  object space 329216K, 99% used [0x00000000c0000000,0x00000000d4128458,0x00000000d4180000)
 Metaspace       used 66327K, committed 67904K, reserved 1114112K
  class space    used 6649K, committed 7296K, reserved 1048576K
}
Event: 58.181 GC heap after
{Heap after GC invocations=729 (full 3):
 PSYoungGen      total 2048K, used 400K [0x00000000eab00000, 0x00000000eae00000, 0x0000000100000000)
  eden space 1536K, 0% used [0x00000000eab00000,0x00000000eab00000,0x00000000eac80000)
  from space 512K, 78% used [0x00000000ead80000,0x00000000eade4010,0x00000000eae00000)
  to   space 512K, 0% used [0x00000000ead00000,0x00000000ead00000,0x00000000ead80000)
 ParOldGen       total 329216K, used 329114K [0x00000000c0000000, 0x00000000d4180000, 0x00000000eab00000)
  object space 329216K, 99% used [0x00000000c0000000,0x00000000d41669c8,0x00000000d4180000)
 Metaspace       used 66327K, committed 67904K, reserved 1114112K
  class space    used 6649K, committed 7296K, reserved 1048576K
}
Event: 58.300 GC heap before
{Heap before GC invocations=730 (full 3):
 PSYoungGen      total 2048K, used 1933K [0x00000000eab00000, 0x00000000eae00000, 0x0000000100000000)
  eden space 1536K, 99% used [0x00000000eab00000,0x00000000eac7f770,0x00000000eac80000)
  from space 512K, 78% used [0x00000000ead80000,0x00000000eade4010,0x00000000eae00000)
  to   space 512K, 0% used [0x00000000ead00000,0x00000000ead00000,0x00000000ead80000)
 ParOldGen       total 329216K, used 329114K [0x00000000c0000000, 0x00000000d4180000, 0x00000000eab00000)
  object space 329216K, 99% used [0x00000000c0000000,0x00000000d41669c8,0x00000000d4180000)
 Metaspace       used 66487K, committed 68096K, reserved 1114112K
  class space    used 6667K, committed 7360K, reserved 1048576K
}
Event: 58.302 GC heap after
{Heap after GC invocations=730 (full 3):
 PSYoungGen      total 2048K, used 339K [0x00000000eab00000, 0x00000000eae00000, 0x0000000100000000)
  eden space 1536K, 0% used [0x00000000eab00000,0x00000000eab00000,0x00000000eac80000)
  from space 512K, 66% used [0x00000000ead00000,0x00000000ead54d08,0x00000000ead80000)
  to   space 512K, 0% used [0x00000000ead80000,0x00000000ead80000,0x00000000eae00000)
 ParOldGen       total 329728K, used 329319K [0x00000000c0000000, 0x00000000d4200000, 0x00000000eab00000)
  object space 329728K, 99% used [0x00000000c0000000,0x00000000d4199cd8,0x00000000d4200000)
 Metaspace       used 66487K, committed 68096K, reserved 1114112K
  class space    used 6667K, committed 7360K, reserved 1048576K
}

Dll operation events (10 events):
Event: 0.141 Loaded shared library c:\Users\FERSAN\.vscode\extensions\redhat.java-1.42.0-win32-x64\jre\21.0.7-win32-x86_64\bin\java.dll
Event: 0.515 Loaded shared library c:\Users\FERSAN\.vscode\extensions\redhat.java-1.42.0-win32-x64\jre\21.0.7-win32-x86_64\bin\zip.dll
Event: 0.552 Loaded shared library C:\Users\FERSAN\.vscode\extensions\redhat.java-1.42.0-win32-x64\jre\21.0.7-win32-x86_64\bin\instrument.dll
Event: 0.565 Loaded shared library C:\Users\FERSAN\.vscode\extensions\redhat.java-1.42.0-win32-x64\jre\21.0.7-win32-x86_64\bin\net.dll
Event: 0.574 Loaded shared library C:\Users\FERSAN\.vscode\extensions\redhat.java-1.42.0-win32-x64\jre\21.0.7-win32-x86_64\bin\nio.dll
Event: 0.579 Loaded shared library C:\Users\FERSAN\.vscode\extensions\redhat.java-1.42.0-win32-x64\jre\21.0.7-win32-x86_64\bin\zip.dll
Event: 0.622 Loaded shared library C:\Users\FERSAN\.vscode\extensions\redhat.java-1.42.0-win32-x64\jre\21.0.7-win32-x86_64\bin\jimage.dll
Event: 0.883 Loaded shared library c:\Users\FERSAN\.vscode\extensions\redhat.java-1.42.0-win32-x64\jre\21.0.7-win32-x86_64\bin\verify.dll
Event: 3.885 Loaded shared library C:\Users\FERSAN\AppData\Roaming\Code\User\globalStorage\redhat.java\1.42.0\config_win\org.eclipse.equinox.launcher\org.eclipse.equinox.launcher.win32.win32.x86_64_1.2.1300.v20250331-1702\eclipse_11911.dll
Event: 11.229 Loaded shared library C:\Users\FERSAN\AppData\Local\Temp\jna-2070288237\jna4795416285961872661.dll

Deoptimization events (20 events):
Event: 57.245 Thread 0x00000213da2a1c80 DEOPT PACKING pc=0x000002138821acc4 sp=0x0000009550ffd030
Event: 57.245 Thread 0x00000213da2a1c80 DEOPT UNPACKING pc=0x0000021387583aa2 sp=0x0000009550ffcfd0 mode 2
Event: 57.246 Thread 0x00000213da2a1c80 Uncommon trap: trap_request=0xffffff45 fr.pc=0x0000021388212864 relative=0x0000000000000204
Event: 57.246 Thread 0x00000213da2a1c80 Uncommon trap: reason=unstable_if action=reinterpret pc=0x0000021388212864 method=java.util.regex.Pattern.escape(ZZZ)I @ 8 c2
Event: 57.246 Thread 0x00000213da2a1c80 DEOPT PACKING pc=0x0000021388212864 sp=0x0000009550ffc890
Event: 57.246 Thread 0x00000213da2a1c80 DEOPT UNPACKING pc=0x0000021387583aa2 sp=0x0000009550ffc808 mode 2
Event: 57.498 Thread 0x00000213da2a1c80 DEOPT PACKING pc=0x0000021381ad9dd5 sp=0x0000009550ff82a0
Event: 57.510 Thread 0x00000213da2a1c80 DEOPT UNPACKING pc=0x0000021387584242 sp=0x0000009550ff77a8 mode 0
Event: 57.797 Thread 0x00000213da2a1c80 Uncommon trap: trap_request=0xffffffde fr.pc=0x000002138827eddc relative=0x0000000000000b3c
Event: 57.797 Thread 0x00000213da2a1c80 Uncommon trap: reason=class_check action=maybe_recompile pc=0x000002138827eddc method=org.eclipse.jdt.internal.compiler.parser.Parser.consumeRule(I)V @ 4689 c2
Event: 57.797 Thread 0x00000213da2a1c80 DEOPT PACKING pc=0x000002138827eddc sp=0x0000009550ffe0c0
Event: 57.797 Thread 0x00000213da2a1c80 DEOPT UNPACKING pc=0x0000021387583aa2 sp=0x0000009550ffe050 mode 2
Event: 57.797 Thread 0x00000213da2a1c80 Uncommon trap: trap_request=0xffffffde fr.pc=0x000002138827eda8 relative=0x0000000000000b08
Event: 57.797 Thread 0x00000213da2a1c80 Uncommon trap: reason=class_check action=maybe_recompile pc=0x000002138827eda8 method=org.eclipse.jdt.internal.compiler.parser.Parser.consumeRule(I)V @ 4675 c2
Event: 57.797 Thread 0x00000213da2a1c80 DEOPT PACKING pc=0x000002138827eda8 sp=0x0000009550ffe0c0
Event: 57.798 Thread 0x00000213da2a1c80 DEOPT UNPACKING pc=0x0000021387583aa2 sp=0x0000009550ffe050 mode 2
Event: 57.814 Thread 0x00000213da2a1c80 Uncommon trap: trap_request=0xffffffde fr.pc=0x000002138827eddc relative=0x0000000000000b3c
Event: 57.814 Thread 0x00000213da2a1c80 Uncommon trap: reason=class_check action=maybe_recompile pc=0x000002138827eddc method=org.eclipse.jdt.internal.compiler.parser.Parser.consumeRule(I)V @ 4689 c2
Event: 57.814 Thread 0x00000213da2a1c80 DEOPT PACKING pc=0x000002138827eddc sp=0x0000009550ffdfe0
Event: 57.814 Thread 0x00000213da2a1c80 DEOPT UNPACKING pc=0x0000021387583aa2 sp=0x0000009550ffdf70 mode 2

Classes loaded (20 events):
Event: 50.736 Loading class sun/nio/fs/Globs
Event: 50.738 Loading class sun/nio/fs/Globs done
Event: 50.739 Loading class java/util/regex/Pattern$SliceU
Event: 50.740 Loading class java/util/regex/Pattern$SliceU done
Event: 50.741 Loading class sun/nio/fs/WindowsFileSystem$2
Event: 50.742 Loading class java/nio/file/PathMatcher
Event: 50.742 Loading class java/nio/file/PathMatcher done
Event: 50.742 Loading class sun/nio/fs/WindowsFileSystem$2 done
Event: 55.623 Loading class java/util/Collections$SynchronizedRandomAccessList
Event: 55.627 Loading class java/util/Collections$SynchronizedList
Event: 55.629 Loading class java/util/Collections$SynchronizedList done
Event: 55.629 Loading class java/util/Collections$SynchronizedRandomAccessList done
Event: 55.831 Loading class java/util/concurrent/CompletableFuture$Signaller
Event: 55.837 Loading class java/util/concurrent/CompletableFuture$Signaller done
Event: 57.465 Loading class java/nio/charset/CharacterCodingException
Event: 57.466 Loading class java/nio/charset/CharacterCodingException done
Event: 57.466 Loading class java/io/SequenceInputStream
Event: 57.467 Loading class java/io/SequenceInputStream done
Event: 58.134 Loading class java/util/Hashtable$KeySet
Event: 58.142 Loading class java/util/Hashtable$KeySet done

Classes unloaded (7 events):
Event: 13.998 Thread 0x00000213d21a2bc0 Unloading class 0x00000213921a4400 'java/lang/invoke/LambdaForm$MH+0x00000213921a4400'
Event: 13.998 Thread 0x00000213d21a2bc0 Unloading class 0x00000213921a4000 'java/lang/invoke/LambdaForm$MH+0x00000213921a4000'
Event: 13.998 Thread 0x00000213d21a2bc0 Unloading class 0x00000213921a3c00 'java/lang/invoke/LambdaForm$MH+0x00000213921a3c00'
Event: 13.998 Thread 0x00000213d21a2bc0 Unloading class 0x00000213921a3800 'java/lang/invoke/LambdaForm$MH+0x00000213921a3800'
Event: 13.998 Thread 0x00000213d21a2bc0 Unloading class 0x00000213921a3400 'java/lang/invoke/LambdaForm$BMH+0x00000213921a3400'
Event: 13.998 Thread 0x00000213d21a2bc0 Unloading class 0x00000213921a3000 'java/lang/invoke/LambdaForm$DMH+0x00000213921a3000'
Event: 13.998 Thread 0x00000213d21a2bc0 Unloading class 0x00000213921a1c00 'java/lang/invoke/LambdaForm$DMH+0x00000213921a1c00'

Classes redefined (0 events):
No events

Internal exceptions (20 events):
Event: 57.915 Thread 0x00000213da2a1c80 Exception <a 'sun/nio/fs/WindowsException'{0x00000000eab10010}> (0x00000000eab10010) 
thrown [s\src\hotspot\share\prims\jni.cpp, line 520]
Event: 57.920 Thread 0x00000213da2a1c80 Exception <a 'sun/nio/fs/WindowsException'{0x00000000eaba7fa0}> (0x00000000eaba7fa0) 
thrown [s\src\hotspot\share\prims\jni.cpp, line 520]
Event: 57.920 Thread 0x00000213da2a1c80 Exception <a 'sun/nio/fs/WindowsException'{0x00000000eaba85f0}> (0x00000000eaba85f0) 
thrown [s\src\hotspot\share\prims\jni.cpp, line 520]
Event: 57.935 Thread 0x00000213da2a1c80 Exception <a 'sun/nio/fs/WindowsException'{0x00000000eabde2e0}> (0x00000000eabde2e0) 
thrown [s\src\hotspot\share\prims\jni.cpp, line 520]
Event: 57.938 Thread 0x00000213da2a1c80 Exception <a 'sun/nio/fs/WindowsException'{0x00000000eabde910}> (0x00000000eabde910) 
thrown [s\src\hotspot\share\prims\jni.cpp, line 520]
Event: 57.941 Thread 0x00000213da2a1c80 Exception <a 'sun/nio/fs/WindowsException'{0x00000000eabdf498}> (0x00000000eabdf498) 
thrown [s\src\hotspot\share\prims\jni.cpp, line 520]
Event: 57.941 Thread 0x00000213da2a1c80 Exception <a 'sun/nio/fs/WindowsException'{0x00000000eabdfac8}> (0x00000000eabdfac8) 
thrown [s\src\hotspot\share\prims\jni.cpp, line 520]
Event: 57.945 Thread 0x00000213da2a1c80 Exception <a 'sun/nio/fs/WindowsException'{0x00000000eabe06f8}> (0x00000000eabe06f8) 
thrown [s\src\hotspot\share\prims\jni.cpp, line 520]
Event: 57.945 Thread 0x00000213da2a1c80 Exception <a 'sun/nio/fs/WindowsException'{0x00000000eabe0d28}> (0x00000000eabe0d28) 
thrown [s\src\hotspot\share\prims\jni.cpp, line 520]
Event: 57.946 Thread 0x00000213da2a1c80 Exception <a 'sun/nio/fs/WindowsException'{0x00000000eabeed60}> (0x00000000eabeed60) 
thrown [s\src\hotspot\share\prims\jni.cpp, line 520]
Event: 57.946 Thread 0x00000213da2a1c80 Exception <a 'sun/nio/fs/WindowsException'{0x00000000eabef390}> (0x00000000eabef390) 
thrown [s\src\hotspot\share\prims\jni.cpp, line 520]
Event: 58.265 Thread 0x00000213d3bfe010 Exception <a 'java/lang/NoSuchMethodError'{0x00000000eac02350}: 'java.lang.Object java.lang.invoke.DirectMethodHandle$Holder.invokeSpecial(java.lang.Object, java.lang.Object, int, long)'> (0x00000000eac02350) 
thrown [s\src\hotspot\share\interpreter\linkResolver.cpp, line 773]
Event: 58.305 Thread 0x00000213d3bfe6a0 Exception <a 'sun/nio/fs/WindowsException'{0x00000000eab0dc20}> (0x00000000eab0dc20) 
thrown [s\src\hotspot\share\prims\jni.cpp, line 520]
Event: 58.305 Thread 0x00000213d3bfe6a0 Exception <a 'sun/nio/fs/WindowsException'{0x00000000eab11858}> (0x00000000eab11858) 
thrown [s\src\hotspot\share\prims\jni.cpp, line 520]
Event: 58.306 Thread 0x00000213d3bfe6a0 Exception <a 'sun/nio/fs/WindowsException'{0x00000000eab129f0}> (0x00000000eab129f0) 
thrown [s\src\hotspot\share\prims\jni.cpp, line 520]
Event: 58.306 Thread 0x00000213d3bfe6a0 Exception <a 'sun/nio/fs/WindowsException'{0x00000000eab13020}> (0x00000000eab13020) 
thrown [s\src\hotspot\share\prims\jni.cpp, line 520]
Event: 58.368 Thread 0x00000213d3bfe6a0 Exception <a 'java/io/FileNotFoundException'{0x00000000eab2e008}> (0x00000000eab2e008) 
thrown [s\src\hotspot\share\prims\jni.cpp, line 520]
Event: 58.370 Thread 0x00000213d3bfe6a0 Exception <a 'java/io/FileNotFoundException'{0x00000000eab2ed88}> (0x00000000eab2ed88) 
thrown [s\src\hotspot\share\prims\jni.cpp, line 520]
Event: 58.392 Thread 0x00000213d3bfe6a0 Exception <a 'sun/nio/fs/WindowsException'{0x00000000eac1fc68}> (0x00000000eac1fc68) 
thrown [s\src\hotspot\share\prims\jni.cpp, line 520]
Event: 58.392 Thread 0x00000213d3bfe6a0 Exception <a 'sun/nio/fs/WindowsException'{0x00000000eac20298}> (0x00000000eac20298) 
thrown [s\src\hotspot\share\prims\jni.cpp, line 520]

ZGC Phase Switch (0 events):
No events

VM Operations (20 events):
Event: 57.176 Executing VM operation: ParallelGCFailedAllocation (Allocation Failure)
Event: 57.178 Executing VM operation: ParallelGCFailedAllocation (Allocation Failure) done
Event: 57.394 Executing VM operation: ParallelGCFailedAllocation (Allocation Failure)
Event: 57.397 Executing VM operation: ParallelGCFailedAllocation (Allocation Failure) done
Event: 57.488 Executing VM operation: ParallelGCFailedAllocation (Allocation Failure)
Event: 57.491 Executing VM operation: ParallelGCFailedAllocation (Allocation Failure) done
Event: 57.586 Executing VM operation: ParallelGCFailedAllocation (Allocation Failure)
Event: 57.589 Executing VM operation: ParallelGCFailedAllocation (Allocation Failure) done
Event: 57.678 Executing VM operation: ParallelGCFailedAllocation (Allocation Failure)
Event: 57.680 Executing VM operation: ParallelGCFailedAllocation (Allocation Failure) done
Event: 57.742 Executing VM operation: ParallelGCFailedAllocation (Allocation Failure)
Event: 57.745 Executing VM operation: ParallelGCFailedAllocation (Allocation Failure) done
Event: 57.882 Executing VM operation: ParallelGCFailedAllocation (Allocation Failure)
Event: 57.891 Executing VM operation: ParallelGCFailedAllocation (Allocation Failure) done
Event: 57.961 Executing VM operation: ParallelGCFailedAllocation (Allocation Failure)
Event: 57.963 Executing VM operation: ParallelGCFailedAllocation (Allocation Failure) done
Event: 58.176 Executing VM operation: ParallelGCFailedAllocation (Allocation Failure)
Event: 58.181 Executing VM operation: ParallelGCFailedAllocation (Allocation Failure) done
Event: 58.299 Executing VM operation: ParallelGCFailedAllocation (Allocation Failure)
Event: 58.302 Executing VM operation: ParallelGCFailedAllocation (Allocation Failure) done

Memory protections (0 events):
No events

Nmethod flushes (20 events):
Event: 25.209 Thread 0x00000213d21a2bc0 flushing  nmethod 0x000002138099e510
Event: 25.209 Thread 0x00000213d21a2bc0 flushing  nmethod 0x00000213809a3490
Event: 25.209 Thread 0x00000213d21a2bc0 flushing  nmethod 0x00000213809a3f90
Event: 25.209 Thread 0x00000213d21a2bc0 flushing  nmethod 0x00000213809a4410
Event: 25.209 Thread 0x00000213d21a2bc0 flushing  nmethod 0x00000213809a4910
Event: 25.209 Thread 0x00000213d21a2bc0 flushing  nmethod 0x00000213809a5010
Event: 25.209 Thread 0x00000213d21a2bc0 flushing  nmethod 0x00000213809a5410
Event: 25.209 Thread 0x00000213d21a2bc0 flushing  nmethod 0x00000213809a5790
Event: 25.209 Thread 0x00000213d21a2bc0 flushing  nmethod 0x00000213809a5d10
Event: 25.209 Thread 0x00000213d21a2bc0 flushing  nmethod 0x00000213809a6110
Event: 25.209 Thread 0x00000213d21a2bc0 flushing  nmethod 0x00000213809a6690
Event: 25.209 Thread 0x00000213d21a2bc0 flushing  nmethod 0x00000213809a7190
Event: 25.209 Thread 0x00000213d21a2bc0 flushing  nmethod 0x00000213809ad690
Event: 25.209 Thread 0x00000213d21a2bc0 flushing  nmethod 0x00000213809aeb10
Event: 25.209 Thread 0x00000213d21a2bc0 flushing  nmethod 0x00000213809aff10
Event: 25.209 Thread 0x00000213d21a2bc0 flushing  nmethod 0x00000213809b0510
Event: 25.209 Thread 0x00000213d21a2bc0 flushing  nmethod 0x00000213809b0910
Event: 25.209 Thread 0x00000213d21a2bc0 flushing  nmethod 0x00000213809b7c10
Event: 25.209 Thread 0x00000213d21a2bc0 flushing  nmethod 0x00000213809be490
Event: 25.209 Thread 0x00000213d21a2bc0 flushing  nmethod 0x00000213809bee10

Events (20 events):
Event: 35.560 Thread 0x00000213d3bfed30 Thread added: 0x00000213da1f3660
Event: 35.560 Thread 0x00000213d3bfed30 Thread added: 0x00000213da1f4a10
Event: 35.561 Thread 0x00000213d3bfed30 Thread added: 0x00000213da1f2940
Event: 35.562 Thread 0x00000213d3bfed30 Thread added: 0x00000213da1efb50
Event: 35.562 Thread 0x00000213d3bfed30 Thread added: 0x00000213da1f3cf0
Event: 36.009 Thread 0x00000213da1f3660 Thread exited: 0x00000213da1f3660
Event: 36.009 Thread 0x00000213da1f2940 Thread exited: 0x00000213da1f2940
Event: 36.009 Thread 0x00000213da1efb50 Thread exited: 0x00000213da1efb50
Event: 36.011 Thread 0x00000213da1f3cf0 Thread exited: 0x00000213da1f3cf0
Event: 36.011 Thread 0x00000213da1f4a10 Thread exited: 0x00000213da1f4a10
Event: 45.566 Thread 0x00000213d3bfed30 Thread added: 0x00000213da1f2940
Event: 45.577 Thread 0x00000213d3bfed30 Thread added: 0x00000213da1f1c20
Event: 45.581 Thread 0x00000213d3bfed30 Thread added: 0x00000213da1f4a10
Event: 45.581 Thread 0x00000213d3bfed30 Thread added: 0x00000213da1f50a0
Event: 45.582 Thread 0x00000213d3bfed30 Thread added: 0x00000213da1f3cf0
Event: 46.310 Thread 0x00000213da1f3cf0 Thread exited: 0x00000213da1f3cf0
Event: 46.310 Thread 0x00000213da1f50a0 Thread exited: 0x00000213da1f50a0
Event: 46.310 Thread 0x00000213da1f4a10 Thread exited: 0x00000213da1f4a10
Event: 46.310 Thread 0x00000213da1f2940 Thread exited: 0x00000213da1f2940
Event: 46.312 Thread 0x00000213da1f1c20 Thread exited: 0x00000213da1f1c20


Dynamic libraries:
0x00007ff688ac0000 - 0x00007ff688ace000 	c:\Users\FERSAN\.vscode\extensions\redhat.java-1.42.0-win32-x64\jre\21.0.7-win32-x86_64\bin\java.exe
0x00007ffe77930000 - 0x00007ffe77b47000 	C:\WINDOWS\SYSTEM32\ntdll.dll
0x00007ffe76760000 - 0x00007ffe76824000 	C:\WINDOWS\System32\KERNEL32.DLL
0x00007ffe74b60000 - 0x00007ffe74f33000 	C:\WINDOWS\System32\KERNELBASE.dll
0x00007ffe753d0000 - 0x00007ffe754e1000 	C:\WINDOWS\System32\ucrtbase.dll
0x00007ffe44050000 - 0x00007ffe44068000 	c:\Users\FERSAN\.vscode\extensions\redhat.java-1.42.0-win32-x64\jre\21.0.7-win32-x86_64\bin\jli.dll
0x00007ffe55d10000 - 0x00007ffe55d2e000 	c:\Users\FERSAN\.vscode\extensions\redhat.java-1.42.0-win32-x64\jre\21.0.7-win32-x86_64\bin\VCRUNTIME140.dll
0x00007ffe757e0000 - 0x00007ffe75991000 	C:\WINDOWS\System32\USER32.dll
0x00007ffe75170000 - 0x00007ffe75196000 	C:\WINDOWS\System32\win32u.dll
0x00007ffe77050000 - 0x00007ffe77079000 	C:\WINDOWS\System32\GDI32.dll
0x00007ffe59fc0000 - 0x00007ffe5a25b000 	C:\WINDOWS\WinSxS\amd64_microsoft.windows.common-controls_6595b64144ccf1df_6.0.22621.5262_none_2712bde373830908\COMCTL32.dll
0x00007ffe74f40000 - 0x00007ffe75062000 	C:\WINDOWS\System32\gdi32full.dll
0x00007ffe76590000 - 0x00007ffe76637000 	C:\WINDOWS\System32\msvcrt.dll
0x00007ffe754f0000 - 0x00007ffe7558a000 	C:\WINDOWS\System32\msvcp_win.dll
0x00007ffe76b10000 - 0x00007ffe76b41000 	C:\WINDOWS\System32\IMM32.DLL
0x00007ffe6afe0000 - 0x00007ffe6afec000 	c:\Users\FERSAN\.vscode\extensions\redhat.java-1.42.0-win32-x64\jre\21.0.7-win32-x86_64\bin\vcruntime140_1.dll
0x00007ffe3bc20000 - 0x00007ffe3bcad000 	c:\Users\FERSAN\.vscode\extensions\redhat.java-1.42.0-win32-x64\jre\21.0.7-win32-x86_64\bin\msvcp140.dll
0x00007ffdf5540000 - 0x00007ffdf62d0000 	c:\Users\FERSAN\.vscode\extensions\redhat.java-1.42.0-win32-x64\jre\21.0.7-win32-x86_64\bin\server\jvm.dll
0x00007ffe772f0000 - 0x00007ffe773a1000 	C:\WINDOWS\System32\ADVAPI32.dll
0x00007ffe755c0000 - 0x00007ffe75667000 	C:\WINDOWS\System32\sechost.dll
0x00007ffe75590000 - 0x00007ffe755b8000 	C:\WINDOWS\System32\bcrypt.dll
0x00007ffe771d0000 - 0x00007ffe772e4000 	C:\WINDOWS\System32\RPCRT4.dll
0x00007ffe75c70000 - 0x00007ffe75ce1000 	C:\WINDOWS\System32\WS2_32.dll
0x00007ffe6bdb0000 - 0x00007ffe6bde4000 	C:\WINDOWS\SYSTEM32\WINMM.dll
0x00007ffe748f0000 - 0x00007ffe7493d000 	C:\WINDOWS\SYSTEM32\POWRPROF.dll
0x00007ffe665d0000 - 0x00007ffe665da000 	C:\WINDOWS\SYSTEM32\VERSION.dll
0x00007ffe748d0000 - 0x00007ffe748e3000 	C:\WINDOWS\SYSTEM32\UMPDC.dll
0x00007ffe73a20000 - 0x00007ffe73a38000 	C:\WINDOWS\SYSTEM32\kernel.appcore.dll
0x00007ffe55920000 - 0x00007ffe5592a000 	c:\Users\FERSAN\.vscode\extensions\redhat.java-1.42.0-win32-x64\jre\21.0.7-win32-x86_64\bin\jimage.dll
0x00007ffe722e0000 - 0x00007ffe72512000 	C:\WINDOWS\SYSTEM32\DBGHELP.DLL
0x00007ffe773c0000 - 0x00007ffe77753000 	C:\WINDOWS\System32\combase.dll
0x00007ffe759c0000 - 0x00007ffe75a97000 	C:\WINDOWS\System32\OLEAUT32.dll
0x00007ffe56b60000 - 0x00007ffe56b92000 	C:\WINDOWS\SYSTEM32\dbgcore.DLL
0x00007ffe750f0000 - 0x00007ffe7516b000 	C:\WINDOWS\System32\bcryptPrimitives.dll
0x00007ffe55600000 - 0x00007ffe5560f000 	c:\Users\FERSAN\.vscode\extensions\redhat.java-1.42.0-win32-x64\jre\21.0.7-win32-x86_64\bin\instrument.dll
0x00007ffe41950000 - 0x00007ffe4196f000 	c:\Users\FERSAN\.vscode\extensions\redhat.java-1.42.0-win32-x64\jre\21.0.7-win32-x86_64\bin\java.dll
0x00007ffe75cf0000 - 0x00007ffe7658d000 	C:\WINDOWS\System32\SHELL32.dll
0x00007ffe74a20000 - 0x00007ffe74b5f000 	C:\WINDOWS\System32\wintypes.dll
0x00007ffe72910000 - 0x00007ffe7322d000 	C:\WINDOWS\SYSTEM32\windows.storage.dll
0x00007ffe76a00000 - 0x00007ffe76b0b000 	C:\WINDOWS\System32\SHCORE.dll
0x00007ffe76b50000 - 0x00007ffe76bb6000 	C:\WINDOWS\System32\shlwapi.dll
0x00007ffe74950000 - 0x00007ffe7497b000 	C:\WINDOWS\SYSTEM32\profapi.dll
0x00007ffe418b0000 - 0x00007ffe418c8000 	c:\Users\FERSAN\.vscode\extensions\redhat.java-1.42.0-win32-x64\jre\21.0.7-win32-x86_64\bin\zip.dll
0x00007ffe554e0000 - 0x00007ffe554f0000 	C:\Users\FERSAN\.vscode\extensions\redhat.java-1.42.0-win32-x64\jre\21.0.7-win32-x86_64\bin\net.dll
0x00007ffe6ec90000 - 0x00007ffe6edbc000 	C:\WINDOWS\SYSTEM32\WINHTTP.dll
0x00007ffe73e90000 - 0x00007ffe73efa000 	C:\WINDOWS\system32\mswsock.dll
0x00007ffe416d0000 - 0x00007ffe416e6000 	C:\Users\FERSAN\.vscode\extensions\redhat.java-1.42.0-win32-x64\jre\21.0.7-win32-x86_64\bin\nio.dll
0x00007ffe55430000 - 0x00007ffe55440000 	c:\Users\FERSAN\.vscode\extensions\redhat.java-1.42.0-win32-x64\jre\21.0.7-win32-x86_64\bin\verify.dll
0x00007ffe38fd0000 - 0x00007ffe39015000 	C:\Users\FERSAN\AppData\Roaming\Code\User\globalStorage\redhat.java\1.42.0\config_win\org.eclipse.equinox.launcher\org.eclipse.equinox.launcher.win32.win32.x86_64_1.2.1300.v20250331-1702\eclipse_11911.dll
0x00007ffe75ac0000 - 0x00007ffe75c61000 	C:\WINDOWS\System32\ole32.dll
0x00007ffe741e0000 - 0x00007ffe741fb000 	C:\WINDOWS\SYSTEM32\CRYPTSP.dll
0x00007ffe73980000 - 0x00007ffe739b7000 	C:\WINDOWS\system32\rsaenh.dll
0x00007ffe73f30000 - 0x00007ffe73f58000 	C:\WINDOWS\SYSTEM32\USERENV.dll
0x00007ffe741c0000 - 0x00007ffe741cc000 	C:\WINDOWS\SYSTEM32\CRYPTBASE.dll
0x00007ffe73490000 - 0x00007ffe734bd000 	C:\WINDOWS\SYSTEM32\IPHLPAPI.DLL
0x00007ffe77040000 - 0x00007ffe77049000 	C:\WINDOWS\System32\NSI.dll
0x00007ffe34400000 - 0x00007ffe34449000 	C:\Users\FERSAN\AppData\Local\Temp\jna-2070288237\jna4795416285961872661.dll
0x00007ffe76750000 - 0x00007ffe76758000 	C:\WINDOWS\System32\PSAPI.DLL
0x00007ffe6bdf0000 - 0x00007ffe6be09000 	C:\WINDOWS\SYSTEM32\dhcpcsvc6.DLL
0x00007ffe6bd90000 - 0x00007ffe6bdaf000 	C:\WINDOWS\SYSTEM32\dhcpcsvc.DLL

dbghelp: loaded successfully - version: 4.0.5 - missing functions: none
symbol engine: initialized successfully - sym options: 0x614 - pdb path: .;c:\Users\FERSAN\.vscode\extensions\redhat.java-1.42.0-win32-x64\jre\21.0.7-win32-x86_64\bin;C:\WINDOWS\SYSTEM32;C:\WINDOWS\WinSxS\amd64_microsoft.windows.common-controls_6595b64144ccf1df_6.0.22621.5262_none_2712bde373830908;c:\Users\FERSAN\.vscode\extensions\redhat.java-1.42.0-win32-x64\jre\21.0.7-win32-x86_64\bin\server;C:\Users\FERSAN\AppData\Roaming\Code\User\globalStorage\redhat.java\1.42.0\config_win\org.eclipse.equinox.launcher\org.eclipse.equinox.launcher.win32.win32.x86_64_1.2.1300.v20250331-1702;C:\Users\FERSAN\AppData\Local\Temp\jna-2070288237

VM Arguments:
jvm_args: --add-modules=ALL-SYSTEM --add-opens=java.base/java.util=ALL-UNNAMED --add-opens=java.base/java.lang=ALL-UNNAMED --add-opens=java.base/sun.nio.fs=ALL-UNNAMED -Declipse.application=org.eclipse.jdt.ls.core.id1 -Dosgi.bundles.defaultStartLevel=4 -Declipse.product=org.eclipse.jdt.ls.core.product -Djava.import.generatesMetadataFilesAtProjectRoot=false -DDetectVMInstallationsJob.disabled=true -Dfile.encoding=utf8 -XX:+UseParallelGC -XX:GCTimeRatio=4 -XX:AdaptiveSizePolicyWeight=90 -Dsun.zip.disableMemoryMapping=true -Xmx1G -Xms100m -Xlog:disable -javaagent:c:\Users\FERSAN\.vscode\extensions\redhat.java-1.42.0-win32-x64\lombok\lombok-1.18.36.jar -XX:+HeapDumpOnOutOfMemoryError -XX:HeapDumpPath=c:\Users\FERSAN\AppData\Roaming\Code\User\workspaceStorage\bf712a7f7b76c3f23a32c30aea8486d4\redhat.java -Daether.dependencyCollector.impl=bf 
java_command: c:\Users\FERSAN\.vscode\extensions\redhat.java-1.42.0-win32-x64\server\plugins\org.eclipse.equinox.launcher_1.7.0.v20250424-1814.jar -configuration c:\Users\FERSAN\AppData\Roaming\Code\User\globalStorage\redhat.java\1.42.0\config_win -data c:\Users\FERSAN\AppData\Roaming\Code\User\workspaceStorage\bf712a7f7b76c3f23a32c30aea8486d4\redhat.java\jdt_ws --pipe=\\.\pipe\lsp-756a51bc6f0a85c1e37bc6b5a8456119-sock
java_class_path (initial): c:\Users\FERSAN\.vscode\extensions\redhat.java-1.42.0-win32-x64\server\plugins\org.eclipse.equinox.launcher_1.7.0.v20250424-1814.jar
Launcher Type: SUN_STANDARD

[Global flags]
    uintx AdaptiveSizePolicyWeight                 = 90                                        {product} {command line}
     intx CICompilerCount                          = 4                                         {product} {ergonomic}
    uintx GCTimeRatio                              = 4                                         {product} {command line}
     bool HeapDumpOnOutOfMemoryError               = true                                   {manageable} {command line}
    ccstr HeapDumpPath                             = c:\Users\FERSAN\AppData\Roaming\Code\User\workspaceStorage\bf712a7f7b76c3f23a32c30aea8486d4\redhat.java         {manageable} {command line}
   size_t InitialHeapSize                          = 104857600                                 {product} {command line}
   size_t MaxHeapSize                              = 1073741824                                {product} {command line}
   size_t MaxNewSize                               = 357564416                                 {product} {ergonomic}
   size_t MinHeapDeltaBytes                        = 524288                                    {product} {ergonomic}
   size_t MinHeapSize                              = 104857600                                 {product} {command line}
   size_t NewSize                                  = 34603008                                  {product} {ergonomic}
    uintx NonNMethodCodeHeapSize                   = 5839372                                {pd product} {ergonomic}
    uintx NonProfiledCodeHeapSize                  = 122909434                              {pd product} {ergonomic}
   size_t OldSize                                  = 70254592                                  {product} {ergonomic}
    uintx ProfiledCodeHeapSize                     = 122909434                              {pd product} {ergonomic}
    uintx ReservedCodeCacheSize                    = 251658240                              {pd product} {ergonomic}
     bool SegmentedCodeCache                       = true                                      {product} {ergonomic}
   size_t SoftMaxHeapSize                          = 1073741824                             {manageable} {ergonomic}
     bool UseCompressedOops                        = true                           {product lp64_product} {ergonomic}
     bool UseLargePagesIndividualAllocation        = false                                  {pd product} {ergonomic}
     bool UseParallelGC                            = true                                      {product} {command line}

Logging:
Log output configuration:
 #0: stdout all=off uptime,level,tags foldmultilines=false
 #1: stderr all=off uptime,level,tags foldmultilines=false

Environment Variables:
JAVA_HOME=C:\Program Files\Java\jdk-23
PATH=C:\Program Files\Java\jdk-23\bin\;C:\WINDOWS\system32;C:\WINDOWS;C:\WINDOWS\System32\Wbem;C:\WINDOWS\System32\WindowsPowerShell\v1.0\;C:\WINDOWS\System32\OpenSSH\;C:\Program Files\nodejs\;C:\Program Files\Git\cmd;C:\Program Files\MongoDB\Server\8.0\bin;D:\apache-maven-3.9.9-bin\apache-maven-3.9.9\bin;C:\Strawberry\c\bin;C:\Strawberry\perl\site\bin;C:\Strawberry\perl\bin;C:\Program Files\Docker\Docker\resources\bin;C:\Users\FERSAN\AppData\Local\Microsoft\WindowsApps;C:\Users\FERSAN\AppData\Local\Programs\Microsoft VS Code\bin;C:\Users\FERSAN\AppData\Roaming\npm
USERNAME=FERSAN
OS=Windows_NT
PROCESSOR_IDENTIFIER=Intel64 Family 6 Model 186 Stepping 3, GenuineIntel
TMP=C:\Users\FERSAN\AppData\Local\Temp
TEMP=C:\Users\FERSAN\AppData\Local\Temp




Periodic native trim disabled

---------------  S Y S T E M  ---------------

OS:
 Windows 11 , 64 bit Build 22621 (10.0.22621.5262)
OS uptime: 8 days 2:31 hours
Hyper-V role detected

CPU: total 8 (initial active 8) (4 cores per cpu, 2 threads per core) family 6 model 186 stepping 3 microcode 0x4121, cx8, cmov, fxsr, ht, mmx, 3dnowpref, sse, sse2, sse3, ssse3, sse4.1, sse4.2, popcnt, lzcnt, tsc, tscinvbit, avx, avx2, aes, erms, clmul, bmi1, bmi2, adx, sha, fma, vzeroupper, clflush, clflushopt, clwb, hv, serialize, rdtscp, rdpid, fsrm, f16c, cet_ibt, cet_ss
Processor Information for processor 0
  Max Mhz: 1200, Current Mhz: 1200, Mhz Limit: 1200
Processor Information for processor 1
  Max Mhz: 1200, Current Mhz: 1200, Mhz Limit: 1200
Processor Information for processor 2
  Max Mhz: 1200, Current Mhz: 1200, Mhz Limit: 1200
Processor Information for processor 3
  Max Mhz: 1200, Current Mhz: 1200, Mhz Limit: 1200
Processor Information for processor 4
  Max Mhz: 1200, Current Mhz: 900, Mhz Limit: 900
Processor Information for processor 5
  Max Mhz: 1200, Current Mhz: 900, Mhz Limit: 900
Processor Information for processor 6
  Max Mhz: 1200, Current Mhz: 900, Mhz Limit: 900
Processor Information for processor 7
  Max Mhz: 1200, Current Mhz: 900, Mhz Limit: 900

Memory: 4k page, system-wide physical 3739M (32M free)
TotalPageFile size 15003M (AvailPageFile size 12M)
current process WorkingSet (physical memory assigned to process): 170M, peak: 249M
current process commit charge ("private bytes"): 585M, peak: 600M

vm_info: OpenJDK 64-Bit Server VM (21.0.7+6-LTS) for windows-amd64 JRE (21.0.7+6-LTS), built on 2025-04-15T00:00:00Z by "admin" with MS VC++ 17.7 (VS2022)

END.
